
optiboot_atmega1280.elf:     file format elf32-avr

Sections:
Idx Name          Size      VMA       LMA       File off  Algn
  0 .text         0000020a  0001fc00  0001fc00  00000054  2**1
                  CONTENTS, ALLOC, LOAD, READONLY, CODE
  1 .debug_aranges 00000028  00000000  00000000  0000025e  2**0
                  CONTENTS, READONLY, DEBUGGING
  2 .debug_pubnames 0000006a  00000000  00000000  00000286  2**0
                  CONTENTS, READONLY, DEBUGGING
  3 .debug_info   00000278  00000000  00000000  000002f0  2**0
                  CONTENTS, READONLY, DEBUGGING
  4 .debug_abbrev 000001a1  00000000  00000000  00000568  2**0
                  CONTENTS, READONLY, DEBUGGING
  5 .debug_line   000003fb  00000000  00000000  00000709  2**0
                  CONTENTS, READONLY, DEBUGGING
  6 .debug_frame  00000090  00000000  00000000  00000b04  2**2
                  CONTENTS, READONLY, DEBUGGING
  7 .debug_str    00000124  00000000  00000000  00000b94  2**0
                  CONTENTS, READONLY, DEBUGGING
  8 .debug_loc    000001b1  00000000  00000000  00000cb8  2**0
                  CONTENTS, READONLY, DEBUGGING
  9 .debug_ranges 00000068  00000000  00000000  00000e69  2**0
                  CONTENTS, READONLY, DEBUGGING

Disassembly of section .text:

0001fc00 <main>:
#define rstVect (*(uint16_t*)(RAMSTART+SPM_PAGESIZE*2+4))
#define wdtVect (*(uint16_t*)(RAMSTART+SPM_PAGESIZE*2+6))
#endif

/* main program starts here */
int main(void) {
   1fc00:	85 e0       	ldi	r24, 0x05	; 5
   1fc02:	80 93 81 00 	sts	0x0081, r24
#if LED_START_FLASHES > 0
  // Set up Timer 1 for timeout counter
  TCCR1B = _BV(CS12) | _BV(CS10); // div 1024
#endif
#ifndef SOFT_UART
  UCSR0A = _BV(U2X0); //Double speed mode USART0
   1fc06:	82 e0       	ldi	r24, 0x02	; 2
   1fc08:	80 93 c0 00 	sts	0x00C0, r24
  UCSR0B = _BV(RXEN0) | _BV(TXEN0);
   1fc0c:	88 e1       	ldi	r24, 0x18	; 24
   1fc0e:	80 93 c1 00 	sts	0x00C1, r24
  UCSR0C = _BV(UCSZ00) | _BV(UCSZ01);
   1fc12:	86 e0       	ldi	r24, 0x06	; 6
   1fc14:	80 93 c2 00 	sts	0x00C2, r24
  UBRR0L = (uint8_t)( (F_CPU + BAUD_RATE * 4L) / (BAUD_RATE * 8L) - 1 );
   1fc18:	80 e1       	ldi	r24, 0x10	; 16
   1fc1a:	80 93 c4 00 	sts	0x00C4, r24
#endif

  // Adaboot no-wait mod
  ch = MCUSR;
   1fc1e:	84 b7       	in	r24, 0x34	; 52
  MCUSR = 0;
   1fc20:	14 be       	out	0x34, r1	; 52
  if (!(ch & _BV(EXTRF))) appStart();
   1fc22:	81 ff       	sbrs	r24, 1
   1fc24:	df d0       	rcall	.+446    	; 0x1fde4 <appStart>

  // Set up watchdog to trigger after 500ms
  watchdogConfig(WATCHDOG_500MS);
   1fc26:	8d e0       	ldi	r24, 0x0D	; 13
   1fc28:	d7 d0       	rcall	.+430    	; 0x1fdd8 <watchdogConfig>
	DDRD |= _BV(5) | _BV(6);
	/* set pin direction for bootloader pin and enable pullup */
	/* for ATmega128, two pins need to be initialized */
#else
  /* Set LED pin as output */
  LED_DDR |= _BV(LED);
   1fc2a:	27 9a       	sbi	0x04, 7	; 4

  /* Enable internal pull-up resistor on pin D0 (RX), in order
  to supress line noise that prevents the bootloader from
  timing out (DAM: 20070509) */
#if !defined(NO_RX_PULLUP)
  PORTD |= _BV(PIND0);
   1fc2c:	58 9a       	sbi	0x0b, 0	; 11
   1fc2e:	86 e0       	ldi	r24, 0x06	; 6
}

#if LED_START_FLASHES > 0
void flash_led(uint8_t count) {
  do {
    TCNT1 = -(F_CPU/(1024*16));
   1fc30:	20 e3       	ldi	r18, 0x30	; 48
   1fc32:	3c ef       	ldi	r19, 0xFC	; 252
    TIFR1 = _BV(TOV1);
   1fc34:	91 e0       	ldi	r25, 0x01	; 1
}

#if LED_START_FLASHES > 0
void flash_led(uint8_t count) {
  do {
    TCNT1 = -(F_CPU/(1024*16));
   1fc36:	30 93 85 00 	sts	0x0085, r19
   1fc3a:	20 93 84 00 	sts	0x0084, r18
    TIFR1 = _BV(TOV1);
   1fc3e:	96 bb       	out	0x16, r25	; 22
    while(!(TIFR1 & _BV(TOV1)));
   1fc40:	b0 9b       	sbis	0x16, 0	; 22
   1fc42:	fe cf       	rjmp	.-4      	; 0x1fc40 <main+0x40>
    LED_PIN |= _BV(LED);
   1fc44:	1f 9a       	sbi	0x03, 7	; 3
  return getch();
}

// Watchdog functions. These are only safe with interrupts turned off.
void watchdogReset() {
  __asm__ __volatile__ (
   1fc46:	a8 95       	wdr
    TCNT1 = -(F_CPU/(1024*16));
    TIFR1 = _BV(TOV1);
    while(!(TIFR1 & _BV(TOV1)));
    LED_PIN |= _BV(LED);
    watchdogReset();
  } while (--count);
   1fc48:	81 50       	subi	r24, 0x01	; 1
   1fc4a:	a9 f7       	brne	.-22     	; 0x1fc36 <main+0x36>
    /* get character from UART */
    ch = getch();

    if(ch == STK_GET_PARAMETER) {
      // GET PARAMETER returns a generic 0x03 reply - enough to keep Avrdude happy
      getNch(1);
   1fc4c:	ee 24       	eor	r14, r14
   1fc4e:	e3 94       	inc	r14
        __boot_page_fill_short((uint16_t)(void*)addrPtr,a);
        addrPtr += 2;
      } while (--ch);
      
      // Write from programming buffer
      __boot_page_write_short((uint16_t)(void*)address);
   1fc50:	a5 e0       	ldi	r26, 0x05	; 5
   1fc52:	da 2e       	mov	r13, r26
      boot_spm_busy_wait();

#if defined(RWWSRE)
      // Reenable read access to flash
      boot_rww_enable();
   1fc54:	f1 e1       	ldi	r31, 0x11	; 17
   1fc56:	ff 2e       	mov	r15, r31
#endif

  /* Forever loop */
  for (;;) {
    /* get character from UART */
    ch = getch();
   1fc58:	b2 d0       	rcall	.+356    	; 0x1fdbe <getch>

    if(ch == STK_GET_PARAMETER) {
   1fc5a:	81 34       	cpi	r24, 0x41	; 65
   1fc5c:	19 f4       	brne	.+6      	; 0x1fc64 <main+0x64>
      // GET PARAMETER returns a generic 0x03 reply - enough to keep Avrdude happy
      getNch(1);
   1fc5e:	81 e0       	ldi	r24, 0x01	; 1
   1fc60:	cc d0       	rcall	.+408    	; 0x1fdfa <verifySpace+0xc>
   1fc62:	9b c0       	rjmp	.+310    	; 0x1fd9a <main+0x19a>
      putch(0x03);
    }
    else if(ch == STK_SET_DEVICE) {
   1fc64:	82 34       	cpi	r24, 0x42	; 66
   1fc66:	11 f4       	brne	.+4      	; 0x1fc6c <main+0x6c>
      // SET DEVICE is ignored
      getNch(20);
   1fc68:	84 e1       	ldi	r24, 0x14	; 20
   1fc6a:	03 c0       	rjmp	.+6      	; 0x1fc72 <main+0x72>
    }
    else if(ch == STK_SET_DEVICE_EXT) {
   1fc6c:	85 34       	cpi	r24, 0x45	; 69
   1fc6e:	19 f4       	brne	.+6      	; 0x1fc76 <main+0x76>
      // SET DEVICE EXT is ignored
      getNch(5);
   1fc70:	85 e0       	ldi	r24, 0x05	; 5
   1fc72:	c3 d0       	rcall	.+390    	; 0x1fdfa <verifySpace+0xc>
   1fc74:	99 c0       	rjmp	.+306    	; 0x1fda8 <main+0x1a8>
    }
    else if(ch == STK_LOAD_ADDRESS) {
   1fc76:	85 35       	cpi	r24, 0x55	; 85
   1fc78:	a9 f4       	brne	.+42     	; 0x1fca4 <main+0xa4>
      // LOAD ADDRESS
      uint16_t newAddress;
      newAddress = getch();
   1fc7a:	a1 d0       	rcall	.+322    	; 0x1fdbe <getch>
      newAddress = (newAddress & 0xff) | (getch() << 8);
   1fc7c:	08 2f       	mov	r16, r24
   1fc7e:	10 e0       	ldi	r17, 0x00	; 0
   1fc80:	9e d0       	rcall	.+316    	; 0x1fdbe <getch>
   1fc82:	90 e0       	ldi	r25, 0x00	; 0
   1fc84:	98 2f       	mov	r25, r24
   1fc86:	88 27       	eor	r24, r24
   1fc88:	80 2b       	or	r24, r16
   1fc8a:	91 2b       	or	r25, r17
#ifdef RAMPZ
      // Transfer top bit to RAMPZ
      RAMPZ = (newAddress & 0x8000) ? 1 : 0;
   1fc8c:	29 2f       	mov	r18, r25
   1fc8e:	22 1f       	adc	r18, r18
   1fc90:	22 27       	eor	r18, r18
   1fc92:	22 1f       	adc	r18, r18
   1fc94:	2b bf       	out	0x3b, r18	; 59
#endif
      newAddress += newAddress; // Convert from word address to byte address
   1fc96:	88 0f       	add	r24, r24
   1fc98:	99 1f       	adc	r25, r25
      address = newAddress;
   1fc9a:	90 93 01 04 	sts	0x0401, r25
   1fc9e:	80 93 00 04 	sts	0x0400, r24
   1fca2:	81 c0       	rjmp	.+258    	; 0x1fda6 <main+0x1a6>
      verifySpace();
    }
    else if(ch == STK_UNIVERSAL) {
   1fca4:	86 35       	cpi	r24, 0x56	; 86
   1fca6:	29 f4       	brne	.+10     	; 0x1fcb2 <main+0xb2>
      // UNIVERSAL command is ignored
      getNch(4);
   1fca8:	84 e0       	ldi	r24, 0x04	; 4
   1fcaa:	a7 d0       	rcall	.+334    	; 0x1fdfa <verifySpace+0xc>
      putch(0x00);
   1fcac:	80 e0       	ldi	r24, 0x00	; 0
   1fcae:	7f d0       	rcall	.+254    	; 0x1fdae <putch>
   1fcb0:	7b c0       	rjmp	.+246    	; 0x1fda8 <main+0x1a8>
    }
    /* Write memory, length is big endian and is in bytes  */
    else if(ch == STK_PROG_PAGE) {
   1fcb2:	84 36       	cpi	r24, 0x64	; 100
   1fcb4:	09 f0       	breq	.+2      	; 0x1fcb8 <main+0xb8>
   1fcb6:	4e c0       	rjmp	.+156    	; 0x1fd54 <main+0x154>
      // PROGRAM PAGE - we support flash programming only, not EEPROM
      uint8_t *bufPtr;
      uint16_t addrPtr;

      getLen();
   1fcb8:	8a d0       	rcall	.+276    	; 0x1fdce <getLen>

      // If we are in RWW section, immediately start page erase
      if (address < NRWWSTART) __boot_page_erase_short((uint16_t)(void*)address);
   1fcba:	e0 91 00 04 	lds	r30, 0x0400
   1fcbe:	f0 91 01 04 	lds	r31, 0x0401
   1fcc2:	80 ee       	ldi	r24, 0xE0	; 224
   1fcc4:	e0 30       	cpi	r30, 0x00	; 0
   1fcc6:	f8 07       	cpc	r31, r24
   1fcc8:	18 f4       	brcc	.+6      	; 0x1fcd0 <main+0xd0>
   1fcca:	83 e0       	ldi	r24, 0x03	; 3
   1fccc:	87 bf       	out	0x37, r24	; 55
   1fcce:	e8 95       	spm
   1fcd0:	c0 e0       	ldi	r28, 0x00	; 0
   1fcd2:	d2 e0       	ldi	r29, 0x02	; 2
      
      // While that is going on, read in page contents
      bufPtr = buff;
      do *bufPtr++ = getch();
   1fcd4:	74 d0       	rcall	.+232    	; 0x1fdbe <getch>
   1fcd6:	89 93       	st	Y+, r24
      while (--length);
   1fcd8:	80 91 02 04 	lds	r24, 0x0402
   1fcdc:	81 50       	subi	r24, 0x01	; 1
   1fcde:	80 93 02 04 	sts	0x0402, r24
   1fce2:	88 23       	and	r24, r24
   1fce4:	b9 f7       	brne	.-18     	; 0x1fcd4 <main+0xd4>

      // If we are in NRWW section, page erase has to be delayed until now.
      // Todo: Take RAMPZ into account
      if (address >= NRWWSTART) __boot_page_erase_short((uint16_t)(void*)address);
   1fce6:	e0 91 00 04 	lds	r30, 0x0400
   1fcea:	f0 91 01 04 	lds	r31, 0x0401
   1fcee:	80 ee       	ldi	r24, 0xE0	; 224
   1fcf0:	e0 30       	cpi	r30, 0x00	; 0
   1fcf2:	f8 07       	cpc	r31, r24
   1fcf4:	18 f0       	brcs	.+6      	; 0x1fcfc <main+0xfc>
   1fcf6:	83 e0       	ldi	r24, 0x03	; 3
   1fcf8:	87 bf       	out	0x37, r24	; 55
   1fcfa:	e8 95       	spm

      // Read command terminator, start reply
      verifySpace();
   1fcfc:	78 d0       	rcall	.+240    	; 0x1fdee <verifySpace>
      
      // If only a partial page is to be programmed, the erase might not be complete.
      // So check that here
      boot_spm_busy_wait();
   1fcfe:	07 b6       	in	r0, 0x37	; 55
   1fd00:	00 fc       	sbrc	r0, 0
   1fd02:	fd cf       	rjmp	.-6      	; 0x1fcfe <main+0xfe>
      }
#endif

      // Copy buffer into programming buffer
      bufPtr = buff;
      addrPtr = (uint16_t)(void*)address;
   1fd04:	40 91 00 04 	lds	r20, 0x0400
   1fd08:	50 91 01 04 	lds	r21, 0x0401
   1fd0c:	a0 e0       	ldi	r26, 0x00	; 0
   1fd0e:	b2 e0       	ldi	r27, 0x02	; 2
      ch = SPM_PAGESIZE / 2;
      do {
        uint16_t a;
        a = *bufPtr++;
   1fd10:	2c 91       	ld	r18, X
   1fd12:	30 e0       	ldi	r19, 0x00	; 0
        a |= (*bufPtr++) << 8;
   1fd14:	11 96       	adiw	r26, 0x01	; 1
   1fd16:	8c 91       	ld	r24, X
   1fd18:	11 97       	sbiw	r26, 0x01	; 1
   1fd1a:	90 e0       	ldi	r25, 0x00	; 0
   1fd1c:	98 2f       	mov	r25, r24
   1fd1e:	88 27       	eor	r24, r24
   1fd20:	82 2b       	or	r24, r18
   1fd22:	93 2b       	or	r25, r19
#define rstVect (*(uint16_t*)(RAMSTART+SPM_PAGESIZE*2+4))
#define wdtVect (*(uint16_t*)(RAMSTART+SPM_PAGESIZE*2+6))
#endif

/* main program starts here */
int main(void) {
   1fd24:	12 96       	adiw	r26, 0x02	; 2
      ch = SPM_PAGESIZE / 2;
      do {
        uint16_t a;
        a = *bufPtr++;
        a |= (*bufPtr++) << 8;
        __boot_page_fill_short((uint16_t)(void*)addrPtr,a);
   1fd26:	fa 01       	movw	r30, r20
   1fd28:	0c 01       	movw	r0, r24
   1fd2a:	e7 be       	out	0x37, r14	; 55
   1fd2c:	e8 95       	spm
   1fd2e:	11 24       	eor	r1, r1
        addrPtr += 2;
   1fd30:	4e 5f       	subi	r20, 0xFE	; 254
   1fd32:	5f 4f       	sbci	r21, 0xFF	; 255
      } while (--ch);
   1fd34:	f3 e0       	ldi	r31, 0x03	; 3
   1fd36:	a0 30       	cpi	r26, 0x00	; 0
   1fd38:	bf 07       	cpc	r27, r31
   1fd3a:	51 f7       	brne	.-44     	; 0x1fd10 <main+0x110>
      
      // Write from programming buffer
      __boot_page_write_short((uint16_t)(void*)address);
   1fd3c:	e0 91 00 04 	lds	r30, 0x0400
   1fd40:	f0 91 01 04 	lds	r31, 0x0401
   1fd44:	d7 be       	out	0x37, r13	; 55
   1fd46:	e8 95       	spm
      boot_spm_busy_wait();
   1fd48:	07 b6       	in	r0, 0x37	; 55
   1fd4a:	00 fc       	sbrc	r0, 0
   1fd4c:	fd cf       	rjmp	.-6      	; 0x1fd48 <main+0x148>

#if defined(RWWSRE)
      // Reenable read access to flash
      boot_rww_enable();
   1fd4e:	f7 be       	out	0x37, r15	; 55
   1fd50:	e8 95       	spm
   1fd52:	2a c0       	rjmp	.+84     	; 0x1fda8 <main+0x1a8>
#endif

    }
    /* Read memory block mode, length is big endian.  */
    else if(ch == STK_READ_PAGE) {
   1fd54:	84 37       	cpi	r24, 0x74	; 116
   1fd56:	d1 f4       	brne	.+52     	; 0x1fd8c <main+0x18c>
      // READ PAGE - we only read flash
      getLen();
   1fd58:	3a d0       	rcall	.+116    	; 0x1fdce <getLen>
      verifySpace();
   1fd5a:	49 d0       	rcall	.+146    	; 0x1fdee <verifySpace>
#ifdef __AVR_ATmega1280__
//      do putch(pgm_read_byte_near(address++));
//      while (--length);
      do {
        uint8_t result;
        __asm__ ("elpm %0,Z\n":"=r"(result):"z"(address));
   1fd5c:	e0 91 00 04 	lds	r30, 0x0400
   1fd60:	f0 91 01 04 	lds	r31, 0x0401
   1fd64:	e6 91       	elpm	r30, Z+
        putch(result);
   1fd66:	8e 2f       	mov	r24, r30
   1fd68:	22 d0       	rcall	.+68     	; 0x1fdae <putch>
        address++;
   1fd6a:	80 91 00 04 	lds	r24, 0x0400
   1fd6e:	90 91 01 04 	lds	r25, 0x0401
   1fd72:	01 96       	adiw	r24, 0x01	; 1
   1fd74:	90 93 01 04 	sts	0x0401, r25
   1fd78:	80 93 00 04 	sts	0x0400, r24
      }
      while (--length);
   1fd7c:	80 91 02 04 	lds	r24, 0x0402
   1fd80:	81 50       	subi	r24, 0x01	; 1
   1fd82:	80 93 02 04 	sts	0x0402, r24
   1fd86:	88 23       	and	r24, r24
   1fd88:	49 f7       	brne	.-46     	; 0x1fd5c <main+0x15c>
   1fd8a:	0e c0       	rjmp	.+28     	; 0x1fda8 <main+0x1a8>
#endif
#endif
    }

    /* Get device signature bytes  */
    else if(ch == STK_READ_SIGN) {
   1fd8c:	85 37       	cpi	r24, 0x75	; 117
   1fd8e:	39 f4       	brne	.+14     	; 0x1fd9e <main+0x19e>
      // READ SIGN - return what Avrdude wants to hear
      verifySpace();
   1fd90:	2e d0       	rcall	.+92     	; 0x1fdee <verifySpace>
      putch(SIGNATURE_0);
   1fd92:	8e e1       	ldi	r24, 0x1E	; 30
   1fd94:	0c d0       	rcall	.+24     	; 0x1fdae <putch>
      putch(SIGNATURE_1);
   1fd96:	87 e9       	ldi	r24, 0x97	; 151
   1fd98:	0a d0       	rcall	.+20     	; 0x1fdae <putch>
      putch(SIGNATURE_2);
   1fd9a:	83 e0       	ldi	r24, 0x03	; 3
   1fd9c:	88 cf       	rjmp	.-240    	; 0x1fcae <main+0xae>
    }
    else if (ch == 'Q') {
   1fd9e:	81 35       	cpi	r24, 0x51	; 81
   1fda0:	11 f4       	brne	.+4      	; 0x1fda6 <main+0x1a6>
      // Adaboot no-wait mod
      watchdogConfig(WATCHDOG_16MS);
   1fda2:	88 e0       	ldi	r24, 0x08	; 8
   1fda4:	19 d0       	rcall	.+50     	; 0x1fdd8 <watchdogConfig>
      verifySpace();
    }
    else {
      // This covers the response to commands like STK_ENTER_PROGMODE
      verifySpace();
   1fda6:	23 d0       	rcall	.+70     	; 0x1fdee <verifySpace>
    }
    putch(STK_OK);
   1fda8:	80 e1       	ldi	r24, 0x10	; 16
   1fdaa:	01 d0       	rcall	.+2      	; 0x1fdae <putch>
   1fdac:	55 cf       	rjmp	.-342    	; 0x1fc58 <main+0x58>

0001fdae <putch>:
  }
}

void putch(char ch) {
   1fdae:	98 2f       	mov	r25, r24
#ifndef SOFT_UART
  while (!(UCSR0A & _BV(UDRE0)));
   1fdb0:	80 91 c0 00 	lds	r24, 0x00C0
   1fdb4:	85 ff       	sbrs	r24, 5
   1fdb6:	fc cf       	rjmp	.-8      	; 0x1fdb0 <putch+0x2>
  UDR0 = ch;
   1fdb8:	90 93 c6 00 	sts	0x00C6, r25
      [uartBit] "I" (UART_TX_BIT)
    :
      "r25"
  );
#endif
}
   1fdbc:	08 95       	ret

0001fdbe <getch>:
  return getch();
}

// Watchdog functions. These are only safe with interrupts turned off.
void watchdogReset() {
  __asm__ __volatile__ (
   1fdbe:	a8 95       	wdr
      [uartBit] "I" (UART_RX_BIT)
    :
      "r25"
);
#else
  while(!(UCSR0A & _BV(RXC0)));
   1fdc0:	80 91 c0 00 	lds	r24, 0x00C0
   1fdc4:	87 ff       	sbrs	r24, 7
   1fdc6:	fc cf       	rjmp	.-8      	; 0x1fdc0 <getch+0x2>
  ch = UDR0;
   1fdc8:	80 91 c6 00 	lds	r24, 0x00C6
#ifdef LED_DATA_FLASH
  LED_PIN |= _BV(LED);
#endif

  return ch;
}
   1fdcc:	08 95       	ret

0001fdce <getLen>:
  } while (--count);
}
#endif

uint8_t getLen() {
  getch();
   1fdce:	f7 df       	rcall	.-18     	; 0x1fdbe <getch>
  length = getch();
   1fdd0:	f6 df       	rcall	.-20     	; 0x1fdbe <getch>
   1fdd2:	80 93 02 04 	sts	0x0402, r24
  return getch();
}
   1fdd6:	f3 cf       	rjmp	.-26     	; 0x1fdbe <getch>

0001fdd8 <watchdogConfig>:
    "wdr\n"
  );
}

void watchdogConfig(uint8_t x) {
  WDTCSR = _BV(WDCE) | _BV(WDE);
   1fdd8:	e0 e6       	ldi	r30, 0x60	; 96
   1fdda:	f0 e0       	ldi	r31, 0x00	; 0
   1fddc:	98 e1       	ldi	r25, 0x18	; 24
   1fdde:	90 83       	st	Z, r25
  WDTCSR = x;
   1fde0:	80 83       	st	Z, r24
}
   1fde2:	08 95       	ret

0001fde4 <appStart>:

void appStart() {
  watchdogConfig(WATCHDOG_OFF);
   1fde4:	80 e0       	ldi	r24, 0x00	; 0
   1fde6:	f8 df       	rcall	.-16     	; 0x1fdd8 <watchdogConfig>
  __asm__ __volatile__ (
   1fde8:	ee 27       	eor	r30, r30
   1fdea:	ff 27       	eor	r31, r31
   1fdec:	09 94       	ijmp

0001fdee <verifySpace>:
  do getch(); while (--count);
  verifySpace();
}

void verifySpace() {
  if (getch() != CRC_EOP) appStart();
   1fdee:	e7 df       	rcall	.-50     	; 0x1fdbe <getch>
   1fdf0:	80 32       	cpi	r24, 0x20	; 32
   1fdf2:	09 f0       	breq	.+2      	; 0x1fdf6 <verifySpace+0x8>
   1fdf4:	f7 df       	rcall	.-18     	; 0x1fde4 <appStart>
  putch(STK_INSYNC);
   1fdf6:	84 e1       	ldi	r24, 0x14	; 20
}
   1fdf8:	da cf       	rjmp	.-76     	; 0x1fdae <putch>
    ::[count] "M" (UART_B_VALUE)
  );
}
#endif

void getNch(uint8_t count) {
   1fdfa:	1f 93       	push	r17
   1fdfc:	18 2f       	mov	r17, r24

0001fdfe <getNch>:
  do getch(); while (--count);
   1fdfe:	df df       	rcall	.-66     	; 0x1fdbe <getch>
   1fe00:	11 50       	subi	r17, 0x01	; 1
   1fe02:	e9 f7       	brne	.-6      	; 0x1fdfe <getNch>
  verifySpace();
   1fe04:	f4 df       	rcall	.-24     	; 0x1fdee <verifySpace>
}
   1fe06:	1f 91       	pop	r17
   1fe08:	08 95       	ret
